<?xml version="1.0" encoding="UTF-8"?>
<!-- Generated by org.testng.reporters.JUnitXMLReporter -->
<testsuite ignored="4" hostname="NIHILESH" failures="0" tests="6" name="Test" time="314.508" errors="0" timestamp="2023-04-07T10:46:38 IST">
  <testcase classname="PL_Live_Test.Logintest" name="logintest" time="2.631"/>
  <testcase classname="PL_Live_Test.contacttest" name="addcompanytest" time="20.407"/>
  <testcase classname="PL_Live_Test.mattertest" name="createmattertest" time="44.688"/>
  <testcase classname="PL_Live_Test.Activitytest" name="createactivitytestinner" time="99.932"/>
  <testcase classname="PL_Live_Test.Invoicetest" name="createinvoicetest" time="32.899"/>
  <testcase classname="PL_Live_Test.Invoicetest" name="createinvoicefinaltest" time="55.891"/>
  <testcase classname="PL_Live_Test.mattertest" name="createresorcingtest" time="0.0">
    <ignored/>
  </testcase> <!-- createresorcingtest -->
  <testcase classname="PL_Live_Test.contacttest" name="deletecompanytest" time="0.0">
    <ignored/>
  </testcase> <!-- deletecompanytest -->
  <testcase classname="PL_Live_Test.mattertest" name="activitytest" time="0.0">
    <ignored/>
  </testcase> <!-- activitytest -->
  <testcase classname="PL_Live_Test.Activitytest" name="createactivityoutertest" time="0.0">
    <ignored/>
  </testcase> <!-- createactivityoutertest -->
</testsuite> <!-- Test -->
